prisma:query SELECT 1
🟢 Banco conectado com sucesso
[AlertsJob] Job iniciado. Verificando alertas a cada 60 segundos...
[AlertsChecker] Iniciando verificação de alertas...
🚀 Backend rodando na porta 3000
📊 Health: http://localhost:3000/health
🔐 Auth: http://localhost:3000/auth
🔔 Alerts: http://localhost:3000/alerts
📨 Notificações: http://localhost:3000/notification
prisma:query SELECT "public"."Alert"."id", "public"."Alert"."userId", "public"."Alert"."crypto", "public"."Alert"."baseCurrency", "public"."Alert"."targetPrice", "public"."Alert"."direction"::text, "public"."Alert"."isActive", "public"."Alert"."isFavorite", "public"."Alert"."notifyOnce", "public"."Alert"."initialPrice", "public"."Alert"."lastTriggeredAt", "public"."Alert"."title", "public"."Alert"."notes", "public"."Alert"."cooldown", "public"."Alert"."cooldownMinutes", "public"."Alert"."createdAt", "public"."Alert"."updatedAt" FROM "public"."Alert" WHERE "public"."Alert"."isActive" = $1 OFFSET $2
[2025-11-26T21:31:30.575Z] [INFO] [AlertsChecker] Nenhum alerta ativo {}
prisma:query SELECT "public"."User"."id", "public"."User"."email", "public"."User"."password", "public"."User"."name", "public"."User"."createdAt", "public"."User"."updatedAt" FROM "public"."User" WHERE ("public"."User"."email" = $1 AND 1=1) LIMIT $2 OFFSET $3
prisma:query INSERT INTO "public"."User" ("email","password","createdAt","updatedAt") VALUES ($1,$2,$3,$4) RETURNING "public"."User"."id", "public"."User"."email", "public"."User"."password", "public"."User"."name", "public"."User"."createdAt", "public"."User"."updatedAt"
[0mPOST /auth/register [32m201[0m 208.958 ms - 398[0m
prisma:query SELECT "public"."User"."id", "public"."User"."email", "public"."User"."password", "public"."User"."name", "public"."User"."createdAt", "public"."User"."updatedAt" FROM "public"."User" WHERE ("public"."User"."email" = $1 AND 1=1) LIMIT $2 OFFSET $3
[0mPOST /auth/login [32m200[0m 132.611 ms - 398[0m
prisma:query INSERT INTO "public"."Alert" ("id","userId","crypto","baseCurrency","targetPrice","direction","isActive","isFavorite","notifyOnce","initialPrice","lastTriggeredAt","title","notes","cooldown","createdAt","updatedAt") VALUES ($1,$2,$3,$4,$5,CAST($6::text AS "public"."AlertDirection"),$7,$8,$9,$10,$11,$12,$13,$14,$15,$16) RETURNING "public"."Alert"."id", "public"."Alert"."userId", "public"."Alert"."crypto", "public"."Alert"."baseCurrency", "public"."Alert"."targetPrice", "public"."Alert"."direction"::text, "public"."Alert"."isActive", "public"."Alert"."isFavorite", "public"."Alert"."notifyOnce", "public"."Alert"."initialPrice", "public"."Alert"."lastTriggeredAt", "public"."Alert"."title", "public"."Alert"."notes", "public"."Alert"."cooldown", "public"."Alert"."cooldownMinutes", "public"."Alert"."createdAt", "public"."Alert"."updatedAt"
[0mPOST /alerts [32m201[0m 20.731 ms - 400[0m
prisma:query SELECT "public"."Alert"."id", "public"."Alert"."userId", "public"."Alert"."crypto", "public"."Alert"."baseCurrency", "public"."Alert"."targetPrice", "public"."Alert"."direction"::text, "public"."Alert"."isActive", "public"."Alert"."isFavorite", "public"."Alert"."notifyOnce", "public"."Alert"."initialPrice", "public"."Alert"."lastTriggeredAt", "public"."Alert"."title", "public"."Alert"."notes", "public"."Alert"."cooldown", "public"."Alert"."cooldownMinutes", "public"."Alert"."createdAt", "public"."Alert"."updatedAt" FROM "public"."Alert" WHERE "public"."Alert"."userId" = $1 ORDER BY "public"."Alert"."createdAt" DESC LIMIT $2 OFFSET $3
prisma:query SELECT COUNT(*) AS "_count$_all" FROM (SELECT "public"."Alert"."id" FROM "public"."Alert" WHERE "public"."Alert"."userId" = $1 OFFSET $2) AS "sub"
[0mGET /alerts?page=1&limit=10 [32m200[0m 31.261 ms - 442[0m
[AlertsChecker] Iniciando verificação de alertas...
prisma:query SELECT 1
prisma:query SELECT "public"."Alert"."id", "public"."Alert"."userId", "public"."Alert"."crypto", "public"."Alert"."baseCurrency", "public"."Alert"."targetPrice", "public"."Alert"."direction"::text, "public"."Alert"."isActive", "public"."Alert"."isFavorite", "public"."Alert"."notifyOnce", "public"."Alert"."initialPrice", "public"."Alert"."lastTriggeredAt", "public"."Alert"."title", "public"."Alert"."notes", "public"."Alert"."cooldown", "public"."Alert"."cooldownMinutes", "public"."Alert"."createdAt", "public"."Alert"."updatedAt" FROM "public"."Alert" WHERE "public"."Alert"."isActive" = $1 OFFSET $2
prisma:query SELECT "public"."User"."id", "public"."User"."email", "public"."User"."password", "public"."User"."name", "public"."User"."createdAt", "public"."User"."updatedAt" FROM "public"."User" WHERE "public"."User"."id" IN ($1) OFFSET $2
prisma:query UPDATE "public"."Alert" SET "initialPrice" = $1, "updatedAt" = $2 WHERE ("public"."Alert"."id" = $3 AND 1=1) RETURNING "public"."Alert"."id", "public"."Alert"."userId", "public"."Alert"."crypto", "public"."Alert"."baseCurrency", "public"."Alert"."targetPrice", "public"."Alert"."direction"::text, "public"."Alert"."isActive", "public"."Alert"."isFavorite", "public"."Alert"."notifyOnce", "public"."Alert"."initialPrice", "public"."Alert"."lastTriggeredAt", "public"."Alert"."title", "public"."Alert"."notes", "public"."Alert"."cooldown", "public"."Alert"."cooldownMinutes", "public"."Alert"."createdAt", "public"."Alert"."updatedAt"
[2025-11-26T21:32:31.187Z] [INFO] [AlertsChecker] Alerta disparado para BTCUSDT {}
prisma:query UPDATE "public"."Alert" SET "lastTriggeredAt" = $1, "isActive" = $2, "updatedAt" = $3 WHERE ("public"."Alert"."id" = $4 AND 1=1) RETURNING "public"."Alert"."id", "public"."Alert"."userId", "public"."Alert"."crypto", "public"."Alert"."baseCurrency", "public"."Alert"."targetPrice", "public"."Alert"."direction"::text, "public"."Alert"."isActive", "public"."Alert"."isFavorite", "public"."Alert"."notifyOnce", "public"."Alert"."initialPrice", "public"."Alert"."lastTriggeredAt", "public"."Alert"."title", "public"."Alert"."notes", "public"."Alert"."cooldown", "public"."Alert"."cooldownMinutes", "public"."Alert"."createdAt", "public"."Alert"."updatedAt"
[AlertsChecker] Iniciando verificação de alertas...
prisma:query SELECT 1
prisma:query SELECT "public"."Alert"."id", "public"."Alert"."userId", "public"."Alert"."crypto", "public"."Alert"."baseCurrency", "public"."Alert"."targetPrice", "public"."Alert"."direction"::text, "public"."Alert"."isActive", "public"."Alert"."isFavorite", "public"."Alert"."notifyOnce", "public"."Alert"."initialPrice", "public"."Alert"."lastTriggeredAt", "public"."Alert"."title", "public"."Alert"."notes", "public"."Alert"."cooldown", "public"."Alert"."cooldownMinutes", "public"."Alert"."createdAt", "public"."Alert"."updatedAt" FROM "public"."Alert" WHERE "public"."Alert"."isActive" = $1 OFFSET $2
prisma:query SELECT "public"."User"."id", "public"."User"."email", "public"."User"."password", "public"."User"."name", "public"."User"."createdAt", "public"."User"."updatedAt" FROM "public"."User" WHERE "public"."User"."id" IN ($1) OFFSET $2
[2025-11-26T21:33:31.104Z] [INFO] [AlertsChecker] Alerta disparado para BTCUSDT {}
prisma:query UPDATE "public"."Alert" SET "lastTriggeredAt" = $1, "isActive" = $2, "updatedAt" = $3 WHERE ("public"."Alert"."id" = $4 AND 1=1) RETURNING "public"."Alert"."id", "public"."Alert"."userId", "public"."Alert"."crypto", "public"."Alert"."baseCurrency", "public"."Alert"."targetPrice", "public"."Alert"."direction"::text, "public"."Alert"."isActive", "public"."Alert"."isFavorite", "public"."Alert"."notifyOnce", "public"."Alert"."initialPrice", "public"."Alert"."lastTriggeredAt", "public"."Alert"."title", "public"."Alert"."notes", "public"."Alert"."cooldown", "public"."Alert"."cooldownMinutes", "public"."Alert"."createdAt", "public"."Alert"."updatedAt"
[AlertsChecker] Iniciando verificação de alertas...
prisma:query SELECT 1
prisma:query SELECT "public"."Alert"."id", "public"."Alert"."userId", "public"."Alert"."crypto", "public"."Alert"."baseCurrency", "public"."Alert"."targetPrice", "public"."Alert"."direction"::text, "public"."Alert"."isActive", "public"."Alert"."isFavorite", "public"."Alert"."notifyOnce", "public"."Alert"."initialPrice", "public"."Alert"."lastTriggeredAt", "public"."Alert"."title", "public"."Alert"."notes", "public"."Alert"."cooldown", "public"."Alert"."cooldownMinutes", "public"."Alert"."createdAt", "public"."Alert"."updatedAt" FROM "public"."Alert" WHERE "public"."Alert"."isActive" = $1 OFFSET $2
prisma:query SELECT "public"."User"."id", "public"."User"."email", "public"."User"."password", "public"."User"."name", "public"."User"."createdAt", "public"."User"."updatedAt" FROM "public"."User" WHERE "public"."User"."id" IN ($1) OFFSET $2
[2025-11-26T21:34:31.018Z] [INFO] [AlertsChecker] Alerta disparado para BTCUSDT {}
prisma:query UPDATE "public"."Alert" SET "lastTriggeredAt" = $1, "isActive" = $2, "updatedAt" = $3 WHERE ("public"."Alert"."id" = $4 AND 1=1) RETURNING "public"."Alert"."id", "public"."Alert"."userId", "public"."Alert"."crypto", "public"."Alert"."baseCurrency", "public"."Alert"."targetPrice", "public"."Alert"."direction"::text, "public"."Alert"."isActive", "public"."Alert"."isFavorite", "public"."Alert"."notifyOnce", "public"."Alert"."initialPrice", "public"."Alert"."lastTriggeredAt", "public"."Alert"."title", "public"."Alert"."notes", "public"."Alert"."cooldown", "public"."Alert"."cooldownMinutes", "public"."Alert"."createdAt", "public"."Alert"."updatedAt"
[AlertsChecker] Iniciando verificação de alertas...
prisma:query SELECT 1
prisma:query SELECT "public"."Alert"."id", "public"."Alert"."userId", "public"."Alert"."crypto", "public"."Alert"."baseCurrency", "public"."Alert"."targetPrice", "public"."Alert"."direction"::text, "public"."Alert"."isActive", "public"."Alert"."isFavorite", "public"."Alert"."notifyOnce", "public"."Alert"."initialPrice", "public"."Alert"."lastTriggeredAt", "public"."Alert"."title", "public"."Alert"."notes", "public"."Alert"."cooldown", "public"."Alert"."cooldownMinutes", "public"."Alert"."createdAt", "public"."Alert"."updatedAt" FROM "public"."Alert" WHERE "public"."Alert"."isActive" = $1 OFFSET $2
prisma:query SELECT "public"."User"."id", "public"."User"."email", "public"."User"."password", "public"."User"."name", "public"."User"."createdAt", "public"."User"."updatedAt" FROM "public"."User" WHERE "public"."User"."id" IN ($1) OFFSET $2
[2025-11-26T21:35:31.075Z] [INFO] [AlertsChecker] Alerta disparado para BTCUSDT {}
prisma:query UPDATE "public"."Alert" SET "lastTriggeredAt" = $1, "isActive" = $2, "updatedAt" = $3 WHERE ("public"."Alert"."id" = $4 AND 1=1) RETURNING "public"."Alert"."id", "public"."Alert"."userId", "public"."Alert"."crypto", "public"."Alert"."baseCurrency", "public"."Alert"."targetPrice", "public"."Alert"."direction"::text, "public"."Alert"."isActive", "public"."Alert"."isFavorite", "public"."Alert"."notifyOnce", "public"."Alert"."initialPrice", "public"."Alert"."lastTriggeredAt", "public"."Alert"."title", "public"."Alert"."notes", "public"."Alert"."cooldown", "public"."Alert"."cooldownMinutes", "public"."Alert"."createdAt", "public"."Alert"."updatedAt"
[AlertsChecker] Iniciando verificação de alertas...
prisma:query SELECT 1
prisma:query SELECT "public"."Alert"."id", "public"."Alert"."userId", "public"."Alert"."crypto", "public"."Alert"."baseCurrency", "public"."Alert"."targetPrice", "public"."Alert"."direction"::text, "public"."Alert"."isActive", "public"."Alert"."isFavorite", "public"."Alert"."notifyOnce", "public"."Alert"."initialPrice", "public"."Alert"."lastTriggeredAt", "public"."Alert"."title", "public"."Alert"."notes", "public"."Alert"."cooldown", "public"."Alert"."cooldownMinutes", "public"."Alert"."createdAt", "public"."Alert"."updatedAt" FROM "public"."Alert" WHERE "public"."Alert"."isActive" = $1 OFFSET $2
prisma:query SELECT "public"."User"."id", "public"."User"."email", "public"."User"."password", "public"."User"."name", "public"."User"."createdAt", "public"."User"."updatedAt" FROM "public"."User" WHERE "public"."User"."id" IN ($1) OFFSET $2
[2025-11-26T21:36:31.100Z] [INFO] [AlertsChecker] Alerta disparado para BTCUSDT {}
prisma:query UPDATE "public"."Alert" SET "lastTriggeredAt" = $1, "isActive" = $2, "updatedAt" = $3 WHERE ("public"."Alert"."id" = $4 AND 1=1) RETURNING "public"."Alert"."id", "public"."Alert"."userId", "public"."Alert"."crypto", "public"."Alert"."baseCurrency", "public"."Alert"."targetPrice", "public"."Alert"."direction"::text, "public"."Alert"."isActive", "public"."Alert"."isFavorite", "public"."Alert"."notifyOnce", "public"."Alert"."initialPrice", "public"."Alert"."lastTriggeredAt", "public"."Alert"."title", "public"."Alert"."notes", "public"."Alert"."cooldown", "public"."Alert"."cooldownMinutes", "public"."Alert"."createdAt", "public"."Alert"."updatedAt"
[AlertsChecker] Iniciando verificação de alertas...
prisma:query SELECT "public"."Alert"."id", "public"."Alert"."userId", "public"."Alert"."crypto", "public"."Alert"."baseCurrency", "public"."Alert"."targetPrice", "public"."Alert"."direction"::text, "public"."Alert"."isActive", "public"."Alert"."isFavorite", "public"."Alert"."notifyOnce", "public"."Alert"."initialPrice", "public"."Alert"."lastTriggeredAt", "public"."Alert"."title", "public"."Alert"."notes", "public"."Alert"."cooldown", "public"."Alert"."cooldownMinutes", "public"."Alert"."createdAt", "public"."Alert"."updatedAt" FROM "public"."Alert" WHERE "public"."Alert"."isActive" = $1 OFFSET $2
prisma:query SELECT "public"."User"."id", "public"."User"."email", "public"."User"."password", "public"."User"."name", "public"."User"."createdAt", "public"."User"."updatedAt" FROM "public"."User" WHERE "public"."User"."id" IN ($1) OFFSET $2
[2025-11-26T21:37:31.486Z] [INFO] [AlertsChecker] Alerta disparado para BTCUSDT {}
prisma:query UPDATE "public"."Alert" SET "lastTriggeredAt" = $1, "isActive" = $2, "updatedAt" = $3 WHERE ("public"."Alert"."id" = $4 AND 1=1) RETURNING "public"."Alert"."id", "public"."Alert"."userId", "public"."Alert"."crypto", "public"."Alert"."baseCurrency", "public"."Alert"."targetPrice", "public"."Alert"."direction"::text, "public"."Alert"."isActive", "public"."Alert"."isFavorite", "public"."Alert"."notifyOnce", "public"."Alert"."initialPrice", "public"."Alert"."lastTriggeredAt", "public"."Alert"."title", "public"."Alert"."notes", "public"."Alert"."cooldown", "public"."Alert"."cooldownMinutes", "public"."Alert"."createdAt", "public"."Alert"."updatedAt"
